<?xml version="1.0" encoding="UTF-8"?>
<testng-results skipped="0" failed="0" ignored="0" total="1" passed="1">
  <reporter-output>
  </reporter-output>
  <suite name="Default suite" duration-ms="743396" started-at="2018-12-27T11:33:03Z" finished-at="2018-12-27T11:45:26Z">
    <groups>
    </groups>
    <test name="Default test" duration-ms="743396" started-at="2018-12-27T11:33:03Z" finished-at="2018-12-27T11:45:26Z">
      <class name="com.qa.test.GetApiTest">
        <test-method status="PASS" signature="setUP()[pri:0, instance:com.qa.test.GetApiTest@1622f1b]" name="setUP" is-config="true" duration-ms="23" started-at="2018-12-27T11:33:03Z" finished-at="2018-12-27T11:33:03Z">
          <reporter-output>
          </reporter-output>
        </test-method> <!-- setUP -->
        <test-method status="PASS" signature="getTest()[pri:0, instance:com.qa.test.GetApiTest@1622f1b]" name="getTest" duration-ms="743260" started-at="2018-12-27T11:33:03Z" finished-at="2018-12-27T11:45:26Z">
          <reporter-output>
          </reporter-output>
        </test-method> <!-- getTest -->
      </class> <!-- com.qa.test.GetApiTest -->
    </test> <!-- Default test -->
  </suite> <!-- Default suite -->
</testng-results>
